2025.11.15 15:07:56 INFO  Started: Metals version 1.6.3 in folders 'E:\Files\_elgydium\Junction_repo' for client Visual Studio Code 1.105.1.
2025.11.15 15:07:56 WARN  Using H2 2.4.240 which is newer than the version Flyway has been verified with. The latest verified version of H2 is 2.3.232.
2025.11.15 15:07:57 INFO  no build target found for E:\Files\_elgydium\Junction_repo\backend\build.sbt. Using presentation compiler with project's scala-library version: 3.3.6
2025.11.15 15:08:00 INFO  no build target found for E:\Files\_elgydium\Junction_repo\backend\build.sbt. Using presentation compiler with project's scala-library version: 3.3.6
2025.11.15 15:08:00 INFO  no build target found for E:\Files\_elgydium\Junction_repo\backend\build.sbt. Using presentation compiler with project's scala-library version: 3.3.6Nov 15, 2025 3:08:00 PM org.eclipse.lsp4j.jsonrpc.RemoteEndpoint handleCancellation
WARNING: Unmatched cancel notification for request id 3

Nov 15, 2025 3:08:00 PM org.eclipse.lsp4j.jsonrpc.RemoteEndpoint handleCancellation
WARNING: Unmatched cancel notification for request id 6
Nov 15, 2025 3:08:00 PM org.eclipse.lsp4j.jsonrpc.RemoteEndpoint handleCancellation
WARNING: Unmatched cancel notification for request id 2
Nov 15, 2025 3:08:00 PM org.eclipse.lsp4j.jsonrpc.RemoteEndpoint handleCancellation
WARNING: Unmatched cancel notification for request id 1
2025.11.15 15:08:00 WARN  no build target for: E:\Files\_elgydium\Junction_repo\backend\build.sbt
2025.11.15 15:08:00 INFO  no build target found for E:\Files\_elgydium\Junction_repo\backend\build.sbt. Using presentation compiler with project's scala-library version: 3.3.6
2025.11.15 15:08:00 INFO  no build target found for E:\Files\_elgydium\Junction_repo\backend\build.sbt. Using presentation compiler with project's scala-library version: 3.3.6
2025.11.15 15:08:00 INFO  no build target found for E:\Files\_elgydium\Junction_repo\backend\build.sbt. Using presentation compiler with project's scala-library version: 3.3.6
2025.11.15 15:08:00 INFO  no build target found for E:\Files\_elgydium\Junction_repo\backend\build.sbt. Using presentation compiler with project's scala-library version: 3.3.6
2025.11.15 15:08:04 INFO  no build target found for E:\Files\_elgydium\Junction_repo\backend\build.sbt. Using presentation compiler with project's scala-library version: 3.3.6
2025.11.15 15:08:05 INFO  no build target found for E:\Files\_elgydium\Junction_repo\backend\build.sbt. Using presentation compiler with project's scala-library version: 3.3.6
2025.11.15 15:08:05 INFO  running 'C:\Program Files\Java\jdk1.8.0_301\bin\java.exe -Djline.terminal=jline.UnsupportedTerminal -Dsbt.log.noformat=true -Dfile.encoding=UTF-8 -jar C:\Users\Eemeli\AppData\Local\Temp\metals14672675135760309348\sbt-launch.jar -Dbloop.export-jar-classifiers=sources bloopInstall'
2025.11.15 15:08:06 ERROR [info] [launcher] getting org.scala-sbt sbt 1.11.7  (this may take some time)...
2025.11.15 15:08:08 INFO  no build target found for E:\Files\_elgydium\Junction_repo\backend\build.sbt. Using presentation compiler with project's scala-library version: 3.3.6
2025.11.15 15:08:14 ERROR [info] [launcher] getting Scala 2.12.20 (for sbt)...
2025.11.15 15:08:15 INFO  [info] welcome to sbt 1.11.7 (Oracle Corporation Java 1.8.0_301)
2025.11.15 15:08:17 INFO  [info] loading settings for project backend-build-build from metals.sbt...
2025.11.15 15:08:17 INFO  [info] loading project definition from E:\Files\_elgydium\Junction_repo\backend\project\project
2025.11.15 15:08:22 INFO  [info] loading settings for project backend-build from metals.sbt...
2025.11.15 15:08:22 INFO  [info] loading project definition from E:\Files\_elgydium\Junction_repo\backend\project
2025.11.15 15:08:25 INFO  no build target found for E:\Files\_elgydium\Junction_repo\backend\build.sbt. Using presentation compiler with project's scala-library version: 3.3.6
2025.11.15 15:08:25 INFO  no build target found for E:\Files\_elgydium\Junction_repo\backend\build.sbt. Using presentation compiler with project's scala-library version: 3.3.6
2025.11.15 15:08:25 INFO  [success] Generated .bloop\backend-build.json
2025.11.15 15:08:25 INFO  [success] Total time: 4 s, completed 15-Nov-2025 15:08:26
2025.11.15 15:08:27 INFO  no build target found for E:\Files\_elgydium\Junction_repo\backend\build.sbt. Using presentation compiler with project's scala-library version: 3.3.6
2025.11.15 15:08:27 INFO  [info] loading settings for project root from build.sbt...
2025.11.15 15:08:27 INFO  [info] set current project to backend (in build file:/E:/Files/_elgydium/Junction_repo/backend/)
2025.11.15 15:08:45 INFO  [success] Generated .bloop\root.json
2025.11.15 15:08:45 INFO  [success] Generated .bloop\root-test.json
2025.11.15 15:08:45 INFO  [success] Total time: 17 s, completed 15-Nov-2025 15:08:45
2025.11.15 15:08:45 INFO  time: ran 'sbt bloopInstall' in 39s
2025.11.15 15:08:45 INFO  Attempting to connect to the build server...
2025.11.15 15:08:45 INFO  No running Bloop server found, starting one.
2025.11.15 15:08:50 INFO  Starting compilation server
2025.11.15 15:08:51 INFO  tracing is disabled for protocol BSP, to enable tracing of incoming and outgoing JSON messages create an empty file at E:\Files\_elgydium\Junction_repo\.metals\bsp.trace.json or C:\Users\Eemeli\AppData\Local\scalameta\metals\cache\bsp.trace.json
2025.11.15 15:08:52 INFO  time: Connected to build server in 7.41s
2025.11.15 15:08:51 INFO  Connected to Build server: Bloop v2.0.16
2025.11.15 15:08:52 INFO  time: Imported build in 0.3s
2025.11.15 15:08:57 WARN  Using H2 2.4.240 which is newer than the version Flyway has been verified with. The latest verified version of H2 is 2.3.232.
2025.11.15 15:09:10 INFO  time: indexed workspace in 17s
2025.11.15 15:09:10 WARN  no build target for: E:\Files\_elgydium\Junction_repo\backend\build.sbt
2025.11.15 15:09:10 INFO  compiling root (15 scala sources)
exception caught when loading module class module-info$: java.lang.AssertionError: assertion failed: attempt to parse java.lang.Object from classfile
2025.11.15 15:09:23 WARN  there were 11 feature warnings; re-run with -feature for details
2025.11.15 15:09:24 INFO  time: compiled root in 13s
2025.11.15 15:09:24 INFO  no build target found for E:\Files\_elgydium\Junction_repo\backend\build.sbt. Using presentation compiler with project's scala-library version: 3.6.3
2025.11.15 15:09:24 INFO  no build target found for E:\Files\_elgydium\Junction_repo\backend\build.sbt. Using presentation compiler with project's scala-library version: 3.6.3
2025.11.15 15:09:24 WARN  no build target for: E:\Files\_elgydium\Junction_repo\backend\build.sbt
exception caught when loading module class module-info$: java.lang.AssertionError: assertion failed: attempt to parse java.lang.Object from classfile
2025.11.15 15:09:26 INFO  no build target found for E:\Files\_elgydium\Junction_repo\backend\build.sbt. Using presentation compiler with project's scala-library version: 3.6.3
2025.11.15 15:16:02 INFO  no build target found for E:\Files\_elgydium\Junction_repo\backend\build.sbt. Using presentation compiler with project's scala-library version: 3.6.3
2025.11.15 15:18:39 INFO  no build target found for E:\Files\_elgydium\Junction_repo\backend\build.sbt. Using presentation compiler with project's scala-library version: 3.6.3
2025.11.15 15:51:24 INFO  no build target found for E:\Files\_elgydium\Junction_repo\backend\build.sbt. Using presentation compiler with project's scala-library version: 3.6.3
2025.11.15 15:51:24 INFO  no build target found for E:\Files\_elgydium\Junction_repo\backend\build.sbt. Using presentation compiler with project's scala-library version: 3.6.3
2025.11.15 15:51:24 WARN  no build target for: E:\Files\_elgydium\Junction_repo\backend\build.sbt
2025.11.15 15:51:24 INFO  no build target found for E:\Files\_elgydium\Junction_repo\backend\build.sbt. Using presentation compiler with project's scala-library version: 3.6.3
2025.11.15 15:51:24 INFO  no build target found for E:\Files\_elgydium\Junction_repo\backend\build.sbt. Using presentation compiler with project's scala-library version: 3.6.3
2025.11.15 15:51:24 INFO  no build target found for E:\Files\_elgydium\Junction_repo\backend\build.sbt. Using presentation compiler with project's scala-library version: 3.6.3
2025.11.15 15:51:26 INFO  no build target found for E:\Files\_elgydium\Junction_repo\backend\build.sbt. Using presentation compiler with project's scala-library version: 3.6.3
2025.11.15 15:51:29 INFO  no build target found for E:\Files\_elgydium\Junction_repo\backend\build.sbt. Using presentation compiler with project's scala-library version: 3.6.3
2025.11.15 15:59:23 INFO  no build target found for E:\Files\_elgydium\Junction_repo\backend\build.sbt. Using presentation compiler with project's scala-library version: 3.6.3
2025.11.15 15:59:23 INFO  no build target found for E:\Files\_elgydium\Junction_repo\backend\build.sbt. Using presentation compiler with project's scala-library version: 3.6.3
2025.11.15 15:59:23 WARN  no build target for: E:\Files\_elgydium\Junction_repo\backend\build.sbt
2025.11.15 15:59:23 INFO  no build target found for E:\Files\_elgydium\Junction_repo\backend\build.sbt. Using presentation compiler with project's scala-library version: 3.6.3
2025.11.15 15:59:23 INFO  no build target found for E:\Files\_elgydium\Junction_repo\backend\build.sbt. Using presentation compiler with project's scala-library version: 3.6.3
2025.11.15 15:59:24 INFO  no build target found for E:\Files\_elgydium\Junction_repo\backend\build.sbt. Using presentation compiler with project's scala-library version: 3.6.3
2025.11.15 15:59:24 INFO  no build target found for E:\Files\_elgydium\Junction_repo\backend\build.sbt. Using presentation compiler with project's scala-library version: 3.6.3
2025.11.15 15:59:26 INFO  no build target found for E:\Files\_elgydium\Junction_repo\backend\build.sbt. Using presentation compiler with project's scala-library version: 3.6.3
Nov 15, 2025 4:00:31 PM org.eclipse.lsp4j.jsonrpc.RemoteEndpoint handleNotification
WARNING: Notification threw an exception: {
  "jsonrpc": "2.0",
  "method": "metals/didFocusTextDocument",
  "params": [
    "vscode-chat-code-block://516908f0-32ee-4215-b228-b600833b77cc/response_6efce41b-4e1f-4ad9-baf4-f2c5918464b3/0#%7B%22references%22%3A%5B%5D%7D"
  ]
}
java.nio.file.FileSystemNotFoundException: Provider "vscode-chat-code-block" not installed
	at java.base/java.nio.file.Path.of(Path.java:212)
	at java.base/java.nio.file.Paths.get(Paths.java:98)
	at scala.meta.internal.mtags.MtagsEnrichments$XtensionURIMtags.toAbsolutePath(MtagsEnrichments.scala:149)
	at scala.meta.internal.mtags.MtagsEnrichments$XtensionStringMtags.toAbsolutePath(MtagsEnrichments.scala:209)
	at scala.meta.internal.metals.MetalsEnrichments$XtensionString.toAbsolutePath(MetalsEnrichments.scala:796)
	at scala.meta.internal.metals.MetalsEnrichments$XtensionString.toAbsolutePath(MetalsEnrichments.scala:793)
	at scala.meta.internal.metals.WorkspaceLspService.didFocus(WorkspaceLspService.scala:786)
	at scala.meta.metals.lsp.DelegatingScalaService.didFocus(DelegatingScalaService.scala:42)
	at java.base/jdk.internal.reflect.DirectMethodHandleAccessor.invoke(DirectMethodHandleAccessor.java:104)
	at java.base/java.lang.reflect.Method.invoke(Method.java:577)
	at org.eclipse.lsp4j.jsonrpc.services.GenericEndpoint.lambda$recursiveFindRpcMethods$0(GenericEndpoint.java:65)
	at org.eclipse.lsp4j.jsonrpc.services.GenericEndpoint.notify(GenericEndpoint.java:160)
	at org.eclipse.lsp4j.jsonrpc.RemoteEndpoint.handleNotification(RemoteEndpoint.java:231)
	at org.eclipse.lsp4j.jsonrpc.RemoteEndpoint.consume(RemoteEndpoint.java:198)
	at org.eclipse.lsp4j.jsonrpc.json.StreamMessageProducer.handleMessage(StreamMessageProducer.java:185)
	at org.eclipse.lsp4j.jsonrpc.json.StreamMessageProducer.listen(StreamMessageProducer.java:97)
	at org.eclipse.lsp4j.jsonrpc.json.ConcurrentMessageProcessor.run(ConcurrentMessageProcessor.java:114)
	at java.base/java.util.concurrent.Executors$RunnableAdapter.call(Executors.java:539)
	at java.base/java.util.concurrent.FutureTask.run(FutureTask.java:264)
	at java.base/java.util.concurrent.ThreadPoolExecutor.runWorker(ThreadPoolExecutor.java:1136)
	at java.base/java.util.concurrent.ThreadPoolExecutor$Worker.run(ThreadPoolExecutor.java:635)
	at java.base/java.lang.Thread.run(Thread.java:833)

2025.11.15 16:08:07 INFO  compiling root (1 scala source)
2025.11.15 16:08:10 INFO  time: compiled root in 3.5s
2025.11.15 16:08:10 INFO  compiling root (2 scala sources)
2025.11.15 16:08:10 WARN  there were 4 feature warnings; re-run with -feature for details
2025.11.15 16:08:10 INFO  time: compiled root in 0.62s
Nov 15, 2025 4:08:11 PM org.eclipse.lsp4j.jsonrpc.RemoteEndpoint handleNotification
WARNING: Notification threw an exception: {
  "jsonrpc": "2.0",
  "method": "metals/didFocusTextDocument",
  "params": [
    "chat-editing-snapshot-text-model:/e%3A/Files/_elgydium/Junction_repo/backend/src/main/scala/models/json/requests.scala?%7B%22sessionId%22%3A%2272d8f523-f5b3-47c3-b6ad-30e2a839913e%22%2C%22requestId%22%3A%22request_36a3f332-c35b-4f0e-9630-1d38859a74dc%22%2C%22undoStop%22%3A%22d19944f6-f46c-4e17-911b-79a8e843c7c0%22%7D"
  ]
}
java.nio.file.FileSystemNotFoundException: Provider "chat-editing-snapshot-text-model" not installed
	at java.base/java.nio.file.Path.of(Path.java:212)
	at java.base/java.nio.file.Paths.get(Paths.java:98)
	at scala.meta.internal.mtags.MtagsEnrichments$XtensionURIMtags.toAbsolutePath(MtagsEnrichments.scala:149)
	at scala.meta.internal.mtags.MtagsEnrichments$XtensionStringMtags.toAbsolutePath(MtagsEnrichments.scala:209)
	at scala.meta.internal.metals.MetalsEnrichments$XtensionString.toAbsolutePath(MetalsEnrichments.scala:796)
	at scala.meta.internal.metals.MetalsEnrichments$XtensionString.toAbsolutePath(MetalsEnrichments.scala:793)
	at scala.meta.internal.metals.WorkspaceLspService.didFocus(WorkspaceLspService.scala:786)
	at scala.meta.metals.lsp.DelegatingScalaService.didFocus(DelegatingScalaService.scala:42)
	at java.base/jdk.internal.reflect.DirectMethodHandleAccessor.invoke(DirectMethodHandleAccessor.java:104)
	at java.base/java.lang.reflect.Method.invoke(Method.java:577)
	at org.eclipse.lsp4j.jsonrpc.services.GenericEndpoint.lambda$recursiveFindRpcMethods$0(GenericEndpoint.java:65)
	at org.eclipse.lsp4j.jsonrpc.services.GenericEndpoint.notify(GenericEndpoint.java:160)
	at org.eclipse.lsp4j.jsonrpc.RemoteEndpoint.handleNotification(RemoteEndpoint.java:231)
	at org.eclipse.lsp4j.jsonrpc.RemoteEndpoint.consume(RemoteEndpoint.java:198)
	at org.eclipse.lsp4j.jsonrpc.json.StreamMessageProducer.handleMessage(StreamMessageProducer.java:185)
	at org.eclipse.lsp4j.jsonrpc.json.StreamMessageProducer.listen(StreamMessageProducer.java:97)
	at org.eclipse.lsp4j.jsonrpc.json.ConcurrentMessageProcessor.run(ConcurrentMessageProcessor.java:114)
	at java.base/java.util.concurrent.Executors$RunnableAdapter.call(Executors.java:539)
	at java.base/java.util.concurrent.FutureTask.run(FutureTask.java:264)
	at java.base/java.util.concurrent.ThreadPoolExecutor.runWorker(ThreadPoolExecutor.java:1136)
	at java.base/java.util.concurrent.ThreadPoolExecutor$Worker.run(ThreadPoolExecutor.java:635)
	at java.base/java.lang.Thread.run(Thread.java:833)

2025.11.15 16:08:14 INFO  compiling root (2 scala sources)
2025.11.15 16:08:17 INFO  time: compiled root in 2.92s
2025.11.15 16:08:17 INFO  compiling root (3 scala sources)
2025.11.15 16:08:17 WARN  there were 10 feature warnings; re-run with -feature for details
2025.11.15 16:08:18 INFO  time: compiled root in 1.14s
Nov 15, 2025 4:08:19 PM org.eclipse.lsp4j.jsonrpc.RemoteEndpoint handleNotification
WARNING: Notification threw an exception: {
  "jsonrpc": "2.0",
  "method": "metals/didFocusTextDocument",
  "params": [
    "chat-editing-snapshot-text-model:/e%3A/Files/_elgydium/Junction_repo/backend/src/main/scala/models/mongo/documents.scala?%7B%22sessionId%22%3A%2272d8f523-f5b3-47c3-b6ad-30e2a839913e%22%2C%22requestId%22%3A%22request_36a3f332-c35b-4f0e-9630-1d38859a74dc%22%2C%22undoStop%22%3A%22d19944f6-f46c-4e17-911b-79a8e843c7c0%22%7D"
  ]
}
java.nio.file.FileSystemNotFoundException: Provider "chat-editing-snapshot-text-model" not installed
	at java.base/java.nio.file.Path.of(Path.java:212)
	at java.base/java.nio.file.Paths.get(Paths.java:98)
	at scala.meta.internal.mtags.MtagsEnrichments$XtensionURIMtags.toAbsolutePath(MtagsEnrichments.scala:149)
	at scala.meta.internal.mtags.MtagsEnrichments$XtensionStringMtags.toAbsolutePath(MtagsEnrichments.scala:209)
	at scala.meta.internal.metals.MetalsEnrichments$XtensionString.toAbsolutePath(MetalsEnrichments.scala:796)
	at scala.meta.internal.metals.MetalsEnrichments$XtensionString.toAbsolutePath(MetalsEnrichments.scala:793)
	at scala.meta.internal.metals.WorkspaceLspService.didFocus(WorkspaceLspService.scala:786)
	at scala.meta.metals.lsp.DelegatingScalaService.didFocus(DelegatingScalaService.scala:42)
	at java.base/jdk.internal.reflect.DirectMethodHandleAccessor.invoke(DirectMethodHandleAccessor.java:104)
	at java.base/java.lang.reflect.Method.invoke(Method.java:577)
	at org.eclipse.lsp4j.jsonrpc.services.GenericEndpoint.lambda$recursiveFindRpcMethods$0(GenericEndpoint.java:65)
	at org.eclipse.lsp4j.jsonrpc.services.GenericEndpoint.notify(GenericEndpoint.java:160)
	at org.eclipse.lsp4j.jsonrpc.RemoteEndpoint.handleNotification(RemoteEndpoint.java:231)
	at org.eclipse.lsp4j.jsonrpc.RemoteEndpoint.consume(RemoteEndpoint.java:198)
	at org.eclipse.lsp4j.jsonrpc.json.StreamMessageProducer.handleMessage(StreamMessageProducer.java:185)
	at org.eclipse.lsp4j.jsonrpc.json.StreamMessageProducer.listen(StreamMessageProducer.java:97)
	at org.eclipse.lsp4j.jsonrpc.json.ConcurrentMessageProcessor.run(ConcurrentMessageProcessor.java:114)
	at java.base/java.util.concurrent.Executors$RunnableAdapter.call(Executors.java:539)
	at java.base/java.util.concurrent.FutureTask.run(FutureTask.java:264)
	at java.base/java.util.concurrent.ThreadPoolExecutor.runWorker(ThreadPoolExecutor.java:1136)
	at java.base/java.util.concurrent.ThreadPoolExecutor$Worker.run(ThreadPoolExecutor.java:635)
	at java.base/java.lang.Thread.run(Thread.java:833)

2025.11.15 16:08:27 INFO  compiling root (3 scala sources)
2025.11.15 16:08:29 WARN  there were 2 feature warnings; re-run with -feature for details
2025.11.15 16:08:29 INFO  time: compiled root in 2.47s
2025.11.15 16:08:29 INFO  compiling root (3 scala sources)
2025.11.15 16:08:29 WARN  there were 10 feature warnings; re-run with -feature for details
2025.11.15 16:08:29 INFO  time: compiled root in 0.84s
2025.11.15 16:08:33 INFO  compiling root (4 scala sources)
2025.11.15 16:08:35 WARN  there were 4 feature warnings; re-run with -feature for details
2025.11.15 16:08:35 INFO  time: compiled root in 2.26s
2025.11.15 16:08:35 INFO  compiling root (3 scala sources)
2025.11.15 16:08:36 WARN  there were 10 feature warnings; re-run with -feature for details
2025.11.15 16:08:36 INFO  time: compiled root in 1.18s
2025.11.15 16:21:03 INFO  Started: Metals version 1.6.3 in folders 'E:\Files\_elgydium\Junction_repo' for client Visual Studio Code 1.105.1.
